2022-12-15T06:31:26+00:00 CRITICAL Uncaught Error: Call to a member function format() on bool in C:\xampp\htdocs\pr\wp-content\themes\smartic-child\functions.php:139
Stack trace:
#0 C:\xampp\htdocs\pr\wp-includes\class-wp-hook.php(307): enroll_students('')
#1 C:\xampp\htdocs\pr\wp-includes\class-wp-hook.php(331): WP_Hook->apply_filters(NULL, Array)
#2 C:\xampp\htdocs\pr\wp-includes\plugin.php(474): WP_Hook->do_action(Array)
#3 C:\xampp\htdocs\pr\wp-settings.php(587): do_action('init')
#4 C:\xampp\htdocs\pr\wp-config.php(97): require_once('C:\\xampp\\htdocs...')
#5 C:\xampp\htdocs\pr\wp-load.php(50): require_once('C:\\xampp\\htdocs...')
#6 C:\xampp\htdocs\pr\wp-blog-header.php(13): require_once('C:\\xampp\\htdocs...')
#7 C:\xampp\htdocs\pr\index.php(17): require('C:\\xampp\\htdocs...')
#8 {main}
  thrown in C:\xampp\htdocs\pr\wp-content\themes\smartic-child\functions.php on line 139

2022-12-15T06:31:42+00:00 CRITICAL Uncaught Error: Call to a member function format() on bool in C:\xampp\htdocs\pr\wp-content\themes\smartic-child\functions.php:139
Stack trace:
#0 C:\xampp\htdocs\pr\wp-includes\class-wp-hook.php(307): enroll_students('')
#1 C:\xampp\htdocs\pr\wp-includes\class-wp-hook.php(331): WP_Hook->apply_filters(NULL, Array)
#2 C:\xampp\htdocs\pr\wp-includes\plugin.php(474): WP_Hook->do_action(Array)
#3 C:\xampp\htdocs\pr\wp-settings.php(587): do_action('init')
#4 C:\xampp\htdocs\pr\wp-config.php(97): require_once('C:\\xampp\\htdocs...')
#5 C:\xampp\htdocs\pr\wp-load.php(50): require_once('C:\\xampp\\htdocs...')
#6 C:\xampp\htdocs\pr\wp-admin\admin-ajax.php(22): require_once('C:\\xampp\\htdocs...')
#7 {main}
  thrown in C:\xampp\htdocs\pr\wp-content\themes\smartic-child\functions.php on line 139

2022-12-15T06:31:48+00:00 CRITICAL Uncaught Error: Call to a member function format() on bool in C:\xampp\htdocs\pr\wp-content\themes\smartic-child\functions.php:139
Stack trace:
#0 C:\xampp\htdocs\pr\wp-includes\class-wp-hook.php(307): enroll_students('')
#1 C:\xampp\htdocs\pr\wp-includes\class-wp-hook.php(331): WP_Hook->apply_filters(NULL, Array)
#2 C:\xampp\htdocs\pr\wp-includes\plugin.php(474): WP_Hook->do_action(Array)
#3 C:\xampp\htdocs\pr\wp-settings.php(587): do_action('init')
#4 C:\xampp\htdocs\pr\wp-config.php(97): require_once('C:\\xampp\\htdocs...')
#5 C:\xampp\htdocs\pr\wp-load.php(50): require_once('C:\\xampp\\htdocs...')
#6 C:\xampp\htdocs\pr\wp-blog-header.php(13): require_once('C:\\xampp\\htdocs...')
#7 C:\xampp\htdocs\pr\index.php(17): require('C:\\xampp\\htdocs...')
#8 {main}
  thrown in C:\xampp\htdocs\pr\wp-content\themes\smartic-child\functions.php on line 139

2022-12-15T06:33:44+00:00 CRITICAL Uncaught Error: Call to a member function format() on bool in C:\xampp\htdocs\pr\wp-content\themes\smartic-child\functions.php:139
Stack trace:
#0 C:\xampp\htdocs\pr\wp-includes\class-wp-hook.php(307): enroll_students('')
#1 C:\xampp\htdocs\pr\wp-includes\class-wp-hook.php(331): WP_Hook->apply_filters(NULL, Array)
#2 C:\xampp\htdocs\pr\wp-includes\plugin.php(474): WP_Hook->do_action(Array)
#3 C:\xampp\htdocs\pr\wp-settings.php(587): do_action('init')
#4 C:\xampp\htdocs\pr\wp-config.php(97): require_once('C:\\xampp\\htdocs...')
#5 C:\xampp\htdocs\pr\wp-load.php(50): require_once('C:\\xampp\\htdocs...')
#6 C:\xampp\htdocs\pr\wp-admin\admin-ajax.php(22): require_once('C:\\xampp\\htdocs...')
#7 {main}
  thrown in C:\xampp\htdocs\pr\wp-content\themes\smartic-child\functions.php on line 139

2022-12-15T06:44:23+00:00 CRITICAL Uncaught Error: Object of class DateTime could not be converted to string in C:\xampp\htdocs\pr\wp-content\themes\smartic-child\functions.php:135
Stack trace:
#0 C:\xampp\htdocs\pr\wp-content\themes\smartic-child\functions.php(135): str_replace('\xC3\xA9', 'e', Object(DateTime))
#1 C:\xampp\htdocs\pr\wp-includes\class-wp-hook.php(307): enroll_students('')
#2 C:\xampp\htdocs\pr\wp-includes\class-wp-hook.php(331): WP_Hook->apply_filters(NULL, Array)
#3 C:\xampp\htdocs\pr\wp-includes\plugin.php(474): WP_Hook->do_action(Array)
#4 C:\xampp\htdocs\pr\wp-settings.php(587): do_action('init')
#5 C:\xampp\htdocs\pr\wp-config.php(97): require_once('C:\\xampp\\htdocs...')
#6 C:\xampp\htdocs\pr\wp-load.php(50): require_once('C:\\xampp\\htdocs...')
#7 C:\xampp\htdocs\pr\wp-blog-header.php(13): require_once('C:\\xampp\\htdocs...')
#8 C:\xampp\htdocs\pr\index.php(17): require('C:\\xampp\\htdocs...')
#9 {main}
  thrown in C:\xampp\htdocs\pr\wp-content\themes\smartic-child\functions.php on line 135

2022-12-15T06:45:39+00:00 CRITICAL Uncaught Error: Object of class DateTime could not be converted to string in C:\xampp\htdocs\pr\wp-content\themes\smartic-child\functions.php:135
Stack trace:
#0 C:\xampp\htdocs\pr\wp-content\themes\smartic-child\functions.php(135): str_replace('\xC3\xA9', 'e', Object(DateTime))
#1 C:\xampp\htdocs\pr\wp-includes\class-wp-hook.php(307): enroll_students('')
#2 C:\xampp\htdocs\pr\wp-includes\class-wp-hook.php(331): WP_Hook->apply_filters(NULL, Array)
#3 C:\xampp\htdocs\pr\wp-includes\plugin.php(474): WP_Hook->do_action(Array)
#4 C:\xampp\htdocs\pr\wp-settings.php(587): do_action('init')
#5 C:\xampp\htdocs\pr\wp-config.php(97): require_once('C:\\xampp\\htdocs...')
#6 C:\xampp\htdocs\pr\wp-load.php(50): require_once('C:\\xampp\\htdocs...')
#7 C:\xampp\htdocs\pr\wp-blog-header.php(13): require_once('C:\\xampp\\htdocs...')
#8 C:\xampp\htdocs\pr\index.php(17): require('C:\\xampp\\htdocs...')
#9 {main}
  thrown in C:\xampp\htdocs\pr\wp-content\themes\smartic-child\functions.php on line 135

2022-12-15T06:50:02+00:00 CRITICAL syntax error, unexpected '}', expecting ')' in C:\xampp\htdocs\pr\wp-content\themes\smartic-child\functions.php on line 137

2022-12-15T06:50:19+00:00 CRITICAL Uncaught Error: Call to undefined function frToEn() in C:\xampp\htdocs\pr\wp-content\themes\smartic-child\functions.php:135
Stack trace:
#0 C:\xampp\htdocs\pr\wp-includes\class-wp-hook.php(307): enroll_students('')
#1 C:\xampp\htdocs\pr\wp-includes\class-wp-hook.php(331): WP_Hook->apply_filters(NULL, Array)
#2 C:\xampp\htdocs\pr\wp-includes\plugin.php(474): WP_Hook->do_action(Array)
#3 C:\xampp\htdocs\pr\wp-settings.php(587): do_action('init')
#4 C:\xampp\htdocs\pr\wp-config.php(97): require_once('C:\\xampp\\htdocs...')
#5 C:\xampp\htdocs\pr\wp-load.php(50): require_once('C:\\xampp\\htdocs...')
#6 C:\xampp\htdocs\pr\wp-blog-header.php(13): require_once('C:\\xampp\\htdocs...')
#7 C:\xampp\htdocs\pr\index.php(17): require('C:\\xampp\\htdocs...')
#8 {main}
  thrown in C:\xampp\htdocs\pr\wp-content\themes\smartic-child\functions.php on line 135

2022-12-15T06:53:03+00:00 CRITICAL Uncaught Error: Class 'IntlDateFormatter' not found in C:\xampp\htdocs\pr\wp-content\themes\smartic-child\functions.php:135
Stack trace:
#0 C:\xampp\htdocs\pr\wp-includes\class-wp-hook.php(307): enroll_students('')
#1 C:\xampp\htdocs\pr\wp-includes\class-wp-hook.php(331): WP_Hook->apply_filters(NULL, Array)
#2 C:\xampp\htdocs\pr\wp-includes\plugin.php(474): WP_Hook->do_action(Array)
#3 C:\xampp\htdocs\pr\wp-settings.php(587): do_action('init')
#4 C:\xampp\htdocs\pr\wp-config.php(97): require_once('C:\\xampp\\htdocs...')
#5 C:\xampp\htdocs\pr\wp-load.php(50): require_once('C:\\xampp\\htdocs...')
#6 C:\xampp\htdocs\pr\wp-blog-header.php(13): require_once('C:\\xampp\\htdocs...')
#7 C:\xampp\htdocs\pr\index.php(17): require('C:\\xampp\\htdocs...')
#8 {main}
  thrown in C:\xampp\htdocs\pr\wp-content\themes\smartic-child\functions.php on line 135

2022-12-15T06:54:05+00:00 CRITICAL Uncaught Error: Class 'IntlDateFormatter' not found in C:\xampp\htdocs\pr\wp-content\themes\smartic-child\functions.php:135
Stack trace:
#0 C:\xampp\htdocs\pr\wp-includes\class-wp-hook.php(307): enroll_students('')
#1 C:\xampp\htdocs\pr\wp-includes\class-wp-hook.php(331): WP_Hook->apply_filters(NULL, Array)
#2 C:\xampp\htdocs\pr\wp-includes\plugin.php(474): WP_Hook->do_action(Array)
#3 C:\xampp\htdocs\pr\wp-settings.php(587): do_action('init')
#4 C:\xampp\htdocs\pr\wp-config.php(97): require_once('C:\\xampp\\htdocs...')
#5 C:\xampp\htdocs\pr\wp-load.php(50): require_once('C:\\xampp\\htdocs...')
#6 C:\xampp\htdocs\pr\wp-admin\admin-ajax.php(22): require_once('C:\\xampp\\htdocs...')
#7 {main}
  thrown in C:\xampp\htdocs\pr\wp-content\themes\smartic-child\functions.php on line 135

2022-12-15T07:17:16+00:00 CRITICAL syntax error, unexpected ';', expecting ')' in C:\xampp\htdocs\pr\wp-content\themes\smartic-child\functions.php on line 201

